./scripts/run_localnet_e2e.sh
[0;34m=== Starting Modular E2E Pipeline ===[0m
[0;34mStarting Stellar localnet container (stellar-local)...[0m
ℹ️  Starting local network
ℹ️  Overriding docker image tag to use 'future' instead of 'testing'
ℹ️  Pulling from stellar/quickstart
ℹ️  Digest: sha256:743a489fcfb76f3761bfd2c0cbafc1be8ffa504fd2616e8d1962aefd0112881a
ℹ️  Status: Downloaded newer image for stellar/quickstart:future
✅ Started container
🔎 Watch logs with `stellar container logs stellar-local --docker-host unix:///var/run/docker.sock`
ℹ️  Stop the container with `stellar container stop stellar-local --docker-host unix:///var/run/docker.sock`
[0;34mConfiguring network profile (local)...[0m
ℹ️  The default network is set to `local`
[0;34mWaiting for local network to become healthy (120 attempts)...[0m
Final network health check...
{"status":"healthy","latestLedger":7,"oldestLedger":7,"ledgerRetentionWindow":120960}
[0;34mWaiting for friendbot to become ready...[0m
[0;32m✓ Friendbot ready (HTTP 400)[0m

[0;32mStellar localnet is running and ready![0m
[0;34mChecking/Generating identity for 'alice'...[0m
[0;34mFunding 'alice' on network 'local'...[0m
✅ Account alice funded on "Standalone Network ; February 2017"
[0;32mAddress for 'alice':[0m
GDHTFLXBRI6XR7YCXX4NK6RV6QS5S53ULPNXSW2EGMZQ4RI5FZ2NLTSZ
[0;34m1. Ensuring alice account is set up...[0m
[0;34mChecking/Generating identity for 'alice'...[0m
[0;34mFunding 'alice' on network 'local'...[0m
✅ Account alice funded on "Standalone Network ; February 2017"
[0;32mAddress for 'alice':[0m
GDHTFLXBRI6XR7YCXX4NK6RV6QS5S53ULPNXSW2EGMZQ4RI5FZ2NLTSZ
[0;34m2. Rebuilding circuits...[0m
=== Building range_heavy ===
[range_heavy] Circuit witness successfully solved
[range_heavy] Witness saved to target/range_heavy.gz
Scheme is: ultra_honk, num threads: 4
  % Total    % Received % Xferd  Average Speed   Time    Time     Time  Current
                                 Dload  Upload   Total   Spent    Left  Speed
  0     0    0     0    0     0      0      0 --:--:-- --:--:-- --:--:--     0100  512k  100  512k    0     0  2658k      0 --:--:-- --:--:-- --:--:-- 2666k
  % Total    % Received % Xferd  Average Speed   Time    Time     Time  Current
                                 Dload  Upload   Total   Spent    Left  Speed
  0     0    0     0    0     0      0      0 --:--:-- --:--:-- --:--:--     0100   128  100   128    0     0   1145      0 --:--:-- --:--:-- --:--:--  1153
Public inputs saved to "target/public_inputs"
Public inputs fields saved to "target/public_inputs_fields.json"
Proof saved to "target/proof"
Proof fields saved to "target/proof_fields.json"
Scheme is: ultra_honk, num threads: 4
VK saved to "target/vk"
VK fields saved to "target/vk_fields.json"
=== Building tornado ===
[tornado] generating Prover.toml inputs (seed=1)
    Updating crates.io index
 Downloading crates ...
  Downloaded base64ct v1.8.3
  Downloaded bytes-lit v0.0.5
  Downloaded ctor v0.5.0
  Downloaded ref-cast-impl v1.0.25
  Downloaded ctor-proc-macro v0.0.6
  Downloaded soroban-builtin-sdk-macros v26.1.3
  Downloaded num-conv v0.2.2
  Downloaded dtor-proc-macro v0.0.6
  Downloaded dtor v0.1.1
  Downloaded stable_deref_trait v1.2.1
  Downloaded soroban-spec v26.0.1
  Downloaded soroban-spec-rust v26.0.1
  Downloaded zeroize_derive v1.4.3
  Downloaded soroban-ledger-snapshot v26.0.1
  Downloaded generic-array v0.14.9
  Downloaded deranged v0.5.8
  Downloaded zeroize v1.8.2
  Downloaded either v1.16.0
  Downloaded data-encoding v2.11.0
  Downloaded soroban-env-macros v26.1.3
  Downloaded ref-cast v1.0.25
  Downloaded serde_with_macros v3.20.0
  Downloaded soroban-sdk-macros v26.0.1
  Downloaded getrandom v0.2.17
  Downloaded tinyvec v1.11.0
  Downloaded soroban-env-common v26.1.3
  Downloaded chrono v0.4.44
  Downloaded schemars v1.2.1
  Downloaded rand v0.8.6
  Downloaded memchr v2.8.1
  Downloaded indexmap v2.14.0
  Downloaded hashbrown v0.17.1
  Downloaded libm v0.2.16
  Downloaded soroban-poseidon v26.0.0
  Downloaded soroban-sdk v26.0.1
  Downloaded serde_with v3.20.0
  Downloaded zerocopy v0.8.50
  Downloaded syn v2.0.117
  Downloaded soroban-env-host v26.1.3
  Downloaded sha3 v0.10.9
  Downloaded stellar-xdr v26.0.1
   Compiling proc-macro2 v1.0.106
   Compiling quote v1.0.45
   Compiling unicode-ident v1.0.24
   Compiling version_check v0.9.5
   Compiling typenum v1.20.1
   Compiling cfg-if v1.0.4
   Compiling serde_core v1.0.228
   Compiling serde v1.0.228
   Compiling syn v2.0.117
   Compiling zmij v1.0.21
   Compiling serde_json v1.0.150
   Compiling itoa v1.0.18
   Compiling memchr v2.8.1
   Compiling generic-array v0.14.9
   Compiling subtle v2.6.1
   Compiling autocfg v1.5.1
   Compiling libc v0.2.186
   Compiling const-oid v0.9.6
   Compiling getrandom v0.2.17
   Compiling ident_case v1.0.1
   Compiling strsim v0.11.1
   Compiling rand_core v0.6.4
   Compiling num-traits v0.2.19
   Compiling cpufeatures v0.2.17
   Compiling darling_core v0.23.0
   Compiling zerocopy v0.8.50
   Compiling serde_derive v1.0.228
   Compiling zeroize_derive v1.4.3
   Compiling zeroize v1.8.2
   Compiling crypto-common v0.1.6
   Compiling block-buffer v0.10.4
   Compiling digest v0.10.7
   Compiling semver v1.0.28
   Compiling darling_macro v0.23.0
   Compiling schemars v0.8.22
   Compiling darling v0.23.0
   Compiling dyn-clone v1.0.20
   Compiling serde_with_macros v3.20.0
   Compiling paste v1.0.15
   Compiling crate-git-revision v0.0.6
   Compiling stellar-strkey v0.0.13
   Compiling data-encoding v2.11.0
   Compiling hex v0.4.3
   Compiling stellar-xdr v26.0.1
   Compiling num-integer v0.1.46
   Compiling cfg_eval v0.1.2
   Compiling escape-bytes v0.1.1
   Compiling ethnum v1.5.3
   Compiling num-bigint v0.4.6
   Compiling ppv-lite86 v0.2.21
   Compiling rand_chacha v0.3.1
   Compiling sha2 v0.10.9
   Compiling rand v0.8.6
   Compiling serde_with v3.20.0
   Compiling enum-ordinalize-derive v4.3.2
   Compiling enum-ordinalize v4.3.2
   Compiling ark-std v0.5.0
   Compiling rustc_version v0.4.1
   Compiling der v0.7.10
   Compiling ark-serialize-derive v0.5.0
   Compiling ff v0.13.1
   Compiling ahash v0.8.12
   Compiling hashbrown v0.17.1
   Compiling equivalent v1.0.2
   Compiling either v1.16.0
   Compiling base16ct v0.2.0
   Compiling arrayvec v0.7.6
   Compiling sec1 v0.7.3
   Compiling ark-serialize v0.5.0
   Compiling indexmap v2.14.0
   Compiling itertools v0.13.0
   Compiling group v0.13.0
   Compiling educe v0.6.0
   Compiling ark-ff-macros v0.5.0
   Compiling signature v2.2.0
   Compiling crypto-bigint v0.5.5
   Compiling ark-ff-asm v0.5.0
   Compiling allocator-api2 v0.2.21
   Compiling once_cell v1.21.4
   Compiling base64 v0.22.1
   Compiling libm v0.2.16
   Compiling hashbrown v0.15.5
   Compiling ark-ff v0.5.0
   Compiling elliptic-curve v0.13.8
   Compiling wasmparser v0.116.1
   Compiling hmac v0.12.1
   Compiling thiserror v1.0.69
   Compiling rfc6979 v0.4.0
   Compiling ark-poly v0.5.0
   Compiling curve25519-dalek v4.1.3
   Compiling derive_arbitrary v1.3.2
   Compiling thiserror-impl v1.0.69
   Compiling num-derive v0.4.2
   Compiling indexmap-nostd v0.4.0
   Compiling downcast-rs v1.2.1
   Compiling static_assertions v1.1.0
   Compiling wasmi_core v0.13.0
   Compiling wasmparser-nostd v0.100.2
   Compiling arbitrary v1.3.2
   Compiling ark-ec v0.5.0
   Compiling ecdsa v0.16.9
   Compiling soroban-env-common v26.1.3
   Compiling curve25519-dalek-derive v0.1.1
   Compiling smallvec v1.15.1
   Compiling wasmi_arena v0.4.1
   Compiling fnv v1.0.7
   Compiling prettyplease v0.2.37
   Compiling spin v0.9.8
   Compiling darling_core v0.20.11
   Compiling soroban-wasmi v0.31.1-soroban.20.0.1
   Compiling soroban-env-macros v26.1.3
   Compiling primeorder v0.13.6
   Compiling ed25519 v2.2.3
   Compiling keccak v0.1.6
   Compiling soroban-env-host v26.1.3
   Compiling byteorder v1.5.0
   Compiling heapless v0.8.0
   Compiling hash32 v0.3.1
   Compiling sha3 v0.10.9
   Compiling ed25519-dalek v2.2.0
   Compiling p256 v0.13.2
   Compiling darling_macro v0.20.11
   Compiling soroban-spec v26.0.1
   Compiling k256 v0.13.4
   Compiling ark-bn254 v0.5.0
   Compiling ark-bls12-381 v0.5.0
   Compiling soroban-builtin-sdk-macros v26.1.3
   Compiling stellar-strkey v0.0.16
   Compiling dtor-proc-macro v0.0.6
   Compiling stable_deref_trait v1.2.1
   Compiling hex-literal v0.4.1
   Compiling dtor v0.1.1
   Compiling soroban-spec-rust v26.0.1
   Compiling darling v0.20.11
   Compiling soroban-sdk v26.0.1
   Compiling macro-string v0.1.4
   Compiling heck v0.5.0
   Compiling ctor-proc-macro v0.0.6
   Compiling ctor v0.5.0
   Compiling bytes-lit v0.0.5
   Compiling visibility v0.1.1
   Compiling soroban-sdk-macros v26.0.1
   Compiling soroban-ledger-snapshot v26.0.1
   Compiling ultrahonk_soroban_verifier v0.1.0 (/home/wdecoded92/batchguard-zk-gate1/rs-soroban-ultrahonk/crates/ultrahonk-soroban-verifier)
   Compiling soroban-poseidon v26.0.0
error: failed to build archive at `/home/wdecoded92/batchguard-zk-gate1/rs-soroban-ultrahonk/target/debug/deps/libsoroban_env_host-a84a7c0b587209f9.rlib`: No space left on device (os error 28)

error: could not compile `soroban-env-host` (lib) due to 1 previous error
warning: build failed, waiting for other jobs to finish...
[0;34mPerforming E2E cleanup...[0m
error: recipe `e2e` failed on line 73 with exit code 101
./scripts/run_localnet_e2e.sh
[0;34m=== Starting Modular E2E Pipeline ===[0m
[0;34mStarting Stellar localnet container (stellar-local)...[0m
ℹ️  Starting local network
ℹ️  Overriding docker image tag to use 'future' instead of 'testing'
ℹ️  Pulling from stellar/quickstart
ℹ️  Digest: sha256:743a489fcfb76f3761bfd2c0cbafc1be8ffa504fd2616e8d1962aefd0112881a
ℹ️  Status: Image is up to date for stellar/quickstart:future
✅ Started container
🔎 Watch logs with `stellar container logs stellar-local --docker-host unix:///var/run/docker.sock`
ℹ️  Stop the container with `stellar container stop stellar-local --docker-host unix:///var/run/docker.sock`
[0;34mConfiguring network profile (local)...[0m
ℹ️  The default network is set to `local`
[0;34mWaiting for local network to become healthy (120 attempts)...[0m
Final network health check...
{"status":"healthy","latestLedger":7,"oldestLedger":7,"ledgerRetentionWindow":120960}
[0;34mWaiting for friendbot to become ready...[0m
[0;32m✓ Friendbot ready (HTTP 400)[0m

[0;32mStellar localnet is running and ready![0m
[0;34mChecking/Generating identity for 'alice'...[0m
[0;34mFunding 'alice' on network 'local'...[0m
✅ Account alice funded on "Standalone Network ; February 2017"
[0;32mAddress for 'alice':[0m
GDHTFLXBRI6XR7YCXX4NK6RV6QS5S53ULPNXSW2EGMZQ4RI5FZ2NLTSZ
[0;34m1. Ensuring alice account is set up...[0m
[0;34mChecking/Generating identity for 'alice'...[0m
[0;34mFunding 'alice' on network 'local'...[0m
✅ Account alice funded on "Standalone Network ; February 2017"
[0;32mAddress for 'alice':[0m
GDHTFLXBRI6XR7YCXX4NK6RV6QS5S53ULPNXSW2EGMZQ4RI5FZ2NLTSZ
[0;34m2. Rebuilding circuits...[0m
=== Building range_heavy ===
[range_heavy] Circuit witness successfully solved
[range_heavy] Witness saved to target/range_heavy.gz
Scheme is: ultra_honk, num threads: 4
Public inputs saved to "target/public_inputs"
Public inputs fields saved to "target/public_inputs_fields.json"
Proof saved to "target/proof"
Proof fields saved to "target/proof_fields.json"
Scheme is: ultra_honk, num threads: 4
VK saved to "target/vk"
VK fields saved to "target/vk_fields.json"
=== Building tornado ===
[tornado] generating Prover.toml inputs (seed=1)
   Compiling soroban-env-host v26.1.3
   Compiling soroban-ledger-snapshot v26.0.1
   Compiling soroban-sdk v26.0.1
   Compiling ultrahonk_soroban_verifier v0.1.0 (/home/wdecoded92/batchguard-zk-gate1/rs-soroban-ultrahonk/crates/ultrahonk-soroban-verifier)
   Compiling soroban-poseidon v26.0.0
   Compiling rs-soroban-ultrahonk v0.1.0 (/home/wdecoded92/batchguard-zk-gate1/rs-soroban-ultrahonk/contracts/rs-soroban-ultrahonk)
   Compiling tornado_classic_contracts v0.1.0 (/home/wdecoded92/batchguard-zk-gate1/rs-soroban-ultrahonk/contracts/tornado_classic/contracts)
    Finished `dev` profile [unoptimized + debuginfo] target(s) in 34.95s
     Running `target/debug/examples/populate_publics`
Updated Prover.toml with public inputs and path_index
Cloning into '/home/wdecoded92/nargo/github.com/noir-lang/poseidon/v0.2.0'...
[tornado_classic] Circuit witness successfully solved
[tornado_classic] Witness saved to target/tornado_classic.gz
Scheme is: ultra_honk, num threads: 4
Public inputs saved to "target/public_inputs"
Public inputs fields saved to "target/public_inputs_fields.json"
Proof saved to "target/proof"
Proof fields saved to "target/proof_fields.json"
Scheme is: ultra_honk, num threads: 4
VK saved to "target/vk"
VK fields saved to "target/vk_fields.json"
=== Generating E2E artifacts for tornado ===
    Finished `dev` profile [unoptimized + debuginfo] target(s) in 0.17s
     Running `target/debug/examples/populate_publics`
Updated Prover.toml with public inputs and path_index
[tornado_classic] Circuit witness successfully solved
[tornado_classic] Witness saved to target/tornado_classic.gz
Scheme is: ultra_honk, num threads: 4
Public inputs saved to "target/e2e/public_inputs"
Public inputs fields saved to "target/e2e/public_inputs_fields.json"
Proof saved to "target/e2e/proof"
Proof fields saved to "target/e2e/proof_fields.json"
=== Building lookup_heavy ===
[lookup_heavy] Circuit witness successfully solved
[lookup_heavy] Witness saved to target/lookup_heavy.gz
Scheme is: ultra_honk, num threads: 4
Public inputs saved to "target/public_inputs"
Public inputs fields saved to "target/public_inputs_fields.json"
Proof saved to "target/proof"
Proof fields saved to "target/proof_fields.json"
Scheme is: ultra_honk, num threads: 4
VK saved to "target/vk"
VK fields saved to "target/vk_fields.json"
=== Building small_circuit ===
[small_circuit] Circuit witness successfully solved
[small_circuit] Witness saved to target/small_circuit.gz
Scheme is: ultra_honk, num threads: 4
Public inputs saved to "target/public_inputs"
Public inputs fields saved to "target/public_inputs_fields.json"
Proof saved to "target/proof"
Proof fields saved to "target/proof_fields.json"
Scheme is: ultra_honk, num threads: 4
VK saved to "target/vk"
VK fields saved to "target/vk_fields.json"
=== Building identity ===
[identity] Circuit witness successfully solved
[identity] Witness saved to target/identity.gz
Scheme is: ultra_honk, num threads: 4
Public inputs saved to "target/public_inputs"
Public inputs fields saved to "target/public_inputs_fields.json"
Proof saved to "target/proof"
Proof fields saved to "target/proof_fields.json"
Scheme is: ultra_honk, num threads: 4
VK saved to "target/vk"
VK fields saved to "target/vk_fields.json"
=== Building fib_chain ===
[fib_chain] Circuit witness successfully solved
[fib_chain] Witness saved to target/fib_chain.gz
Scheme is: ultra_honk, num threads: 4
Public inputs saved to "target/public_inputs"
Public inputs fields saved to "target/public_inputs_fields.json"
Proof saved to "target/proof"
Proof fields saved to "target/proof_fields.json"
Scheme is: ultra_honk, num threads: 4
VK saved to "target/vk"
VK fields saved to "target/vk_fields.json"
=== Building many_pubs ===
warning: unused variable p9
  ┌─ src/main.nr:4:20
  │
4 │     p8: pub Field, p9: pub Field, p10: pub Field, p11: pub Field,
  │                    -- unused variable
  │

warning: unused variable p10
  ┌─ src/main.nr:4:35
  │
4 │     p8: pub Field, p9: pub Field, p10: pub Field, p11: pub Field,
  │                                   --- unused variable
  │

warning: unused variable p5
  ┌─ src/main.nr:3:20
  │
3 │     p4: pub Field, p5: pub Field, p6: pub Field, p7: pub Field,
  │                    -- unused variable
  │

warning: unused variable p8
  ┌─ src/main.nr:4:5
  │
4 │     p8: pub Field, p9: pub Field, p10: pub Field, p11: pub Field,
  │     -- unused variable
  │

warning: unused variable p12
  ┌─ src/main.nr:5:5
  │
5 │     p12: pub Field, p13: pub Field, p14: pub Field, p15: pub Field,
  │     --- unused variable
  │

warning: unused variable p2
  ┌─ src/main.nr:2:35
  │
2 │     p0: pub Field, p1: pub Field, p2: pub Field, p3: pub Field,
  │                                   -- unused variable
  │

warning: unused variable p13
  ┌─ src/main.nr:5:21
  │
5 │     p12: pub Field, p13: pub Field, p14: pub Field, p15: pub Field,
  │                     --- unused variable
  │

warning: unused variable p16
  ┌─ src/main.nr:6:5
  │
6 │     p16: pub Field, p17: pub Field
  │     --- unused variable
  │

warning: unused variable p6
  ┌─ src/main.nr:3:35
  │
3 │     p4: pub Field, p5: pub Field, p6: pub Field, p7: pub Field,
  │                                   -- unused variable
  │

warning: unused variable p15
  ┌─ src/main.nr:5:53
  │
5 │     p12: pub Field, p13: pub Field, p14: pub Field, p15: pub Field,
  │                                                     --- unused variable
  │

warning: unused variable p1
  ┌─ src/main.nr:2:20
  │
2 │     p0: pub Field, p1: pub Field, p2: pub Field, p3: pub Field,
  │                    -- unused variable
  │

warning: unused variable p11
  ┌─ src/main.nr:4:51
  │
4 │     p8: pub Field, p9: pub Field, p10: pub Field, p11: pub Field,
  │                                                   --- unused variable
  │

warning: unused variable p7
  ┌─ src/main.nr:3:50
  │
3 │     p4: pub Field, p5: pub Field, p6: pub Field, p7: pub Field,
  │                                                  -- unused variable
  │

warning: unused variable p4
  ┌─ src/main.nr:3:5
  │
3 │     p4: pub Field, p5: pub Field, p6: pub Field, p7: pub Field,
  │     -- unused variable
  │

warning: unused variable p14
  ┌─ src/main.nr:5:37
  │
5 │     p12: pub Field, p13: pub Field, p14: pub Field, p15: pub Field,
  │                                     --- unused variable
  │

warning: unused variable p3
  ┌─ src/main.nr:2:50
  │
2 │     p0: pub Field, p1: pub Field, p2: pub Field, p3: pub Field,
  │                                                  -- unused variable
  │

warning: unused variable p9
  ┌─ src/main.nr:4:20
  │
4 │     p8: pub Field, p9: pub Field, p10: pub Field, p11: pub Field,
  │                    -- unused variable
  │

warning: unused variable p6
  ┌─ src/main.nr:3:35
  │
3 │     p4: pub Field, p5: pub Field, p6: pub Field, p7: pub Field,
  │                                   -- unused variable
  │

warning: unused variable p13
  ┌─ src/main.nr:5:21
  │
5 │     p12: pub Field, p13: pub Field, p14: pub Field, p15: pub Field,
  │                     --- unused variable
  │

warning: unused variable p11
  ┌─ src/main.nr:4:51
  │
4 │     p8: pub Field, p9: pub Field, p10: pub Field, p11: pub Field,
  │                                                   --- unused variable
  │

warning: unused variable p4
  ┌─ src/main.nr:3:5
  │
3 │     p4: pub Field, p5: pub Field, p6: pub Field, p7: pub Field,
  │     -- unused variable
  │

warning: unused variable p2
  ┌─ src/main.nr:2:35
  │
2 │     p0: pub Field, p1: pub Field, p2: pub Field, p3: pub Field,
  │                                   -- unused variable
  │

warning: unused variable p14
  ┌─ src/main.nr:5:37
  │
5 │     p12: pub Field, p13: pub Field, p14: pub Field, p15: pub Field,
  │                                     --- unused variable
  │

warning: unused variable p3
  ┌─ src/main.nr:2:50
  │
2 │     p0: pub Field, p1: pub Field, p2: pub Field, p3: pub Field,
  │                                                  -- unused variable
  │

warning: unused variable p5
  ┌─ src/main.nr:3:20
  │
3 │     p4: pub Field, p5: pub Field, p6: pub Field, p7: pub Field,
  │                    -- unused variable
  │

warning: unused variable p8
  ┌─ src/main.nr:4:5
  │
4 │     p8: pub Field, p9: pub Field, p10: pub Field, p11: pub Field,
  │     -- unused variable
  │

warning: unused variable p12
  ┌─ src/main.nr:5:5
  │
5 │     p12: pub Field, p13: pub Field, p14: pub Field, p15: pub Field,
  │     --- unused variable
  │

warning: unused variable p15
  ┌─ src/main.nr:5:53
  │
5 │     p12: pub Field, p13: pub Field, p14: pub Field, p15: pub Field,
  │                                                     --- unused variable
  │

warning: unused variable p16
  ┌─ src/main.nr:6:5
  │
6 │     p16: pub Field, p17: pub Field
  │     --- unused variable
  │

warning: unused variable p1
  ┌─ src/main.nr:2:20
  │
2 │     p0: pub Field, p1: pub Field, p2: pub Field, p3: pub Field,
  │                    -- unused variable
  │

warning: unused variable p10
  ┌─ src/main.nr:4:35
  │
4 │     p8: pub Field, p9: pub Field, p10: pub Field, p11: pub Field,
  │                                   --- unused variable
  │

warning: unused variable p7
  ┌─ src/main.nr:3:50
  │
3 │     p4: pub Field, p5: pub Field, p6: pub Field, p7: pub Field,
  │                                                  -- unused variable
  │

[many_pubs] Circuit witness successfully solved
[many_pubs] Witness saved to target/many_pubs.gz
Scheme is: ultra_honk, num threads: 4
Public inputs saved to "target/public_inputs"
Public inputs fields saved to "target/public_inputs_fields.json"
Proof saved to "target/proof"
Proof fields saved to "target/proof_fields.json"
Scheme is: ultra_honk, num threads: 4
VK saved to "target/vk"
VK fields saved to "target/vk_fields.json"
=== Building simple_circuit ===
[simple_circuit] Circuit witness successfully solved
[simple_circuit] Witness saved to target/simple_circuit.gz
Scheme is: ultra_honk, num threads: 4
Public inputs saved to "target/public_inputs"
Public inputs fields saved to "target/public_inputs_fields.json"
Proof saved to "target/proof"
Proof fields saved to "target/proof_fields.json"
Scheme is: ultra_honk, num threads: 4
VK saved to "target/vk"
VK fields saved to "target/vk_fields.json"
[0;34m3. Building the Soroban contract...[0m
ℹ️  CARGO_BUILD_RUSTFLAGS=--remap-path-prefix=/home/wdecoded92/.cargo/registry/src= SOROBAN_SDK_BUILD_SYSTEM_SUPPORTS_SPEC_SHAKING_V2=1 cargo rustc --manifest-path=contracts/rs-soroban-ultrahonk/Cargo.toml --crate-type=cdylib --target=wasm32v1-none --release
 Downloading crates ...
  Downloaded soroban-env-guest v26.1.3
   Compiling proc-macro2 v1.0.106
   Compiling quote v1.0.45
   Compiling unicode-ident v1.0.24
   Compiling serde_core v1.0.228
   Compiling serde v1.0.228
   Compiling zmij v1.0.21
   Compiling serde_json v1.0.150
   Compiling memchr v2.8.1
   Compiling syn v2.0.117
   Compiling itoa v1.0.18
   Compiling strsim v0.11.1
   Compiling ident_case v1.0.1
   Compiling version_check v0.9.5
   Compiling generic-array v0.14.9
   Compiling autocfg v1.5.1
   Compiling typenum v1.20.1
   Compiling schemars v0.8.22
   Compiling darling_core v0.23.0
   Compiling block-buffer v0.10.4
   Compiling crypto-common v0.1.6
   Compiling dyn-clone v1.0.20
   Compiling digest v0.10.7
   Compiling cfg-if v1.0.4
   Compiling data-encoding v2.11.0
   Compiling cpufeatures v0.2.17
   Compiling sha2 v0.10.9
   Compiling escape-bytes v0.1.1
   Compiling ethnum v1.5.3
   Compiling serde_derive v1.0.228
   Compiling cfg_eval v0.1.2
   Compiling num-traits v0.2.19
   Compiling semver v1.0.28
   Compiling darling_macro v0.23.0
   Compiling either v1.16.0
   Compiling darling v0.23.0
   Compiling serde_with_macros v3.20.0
   Compiling itertools v0.13.0
   Compiling equivalent v1.0.2
   Compiling hashbrown v0.17.1
   Compiling thiserror v1.0.69
   Compiling indexmap v2.14.0
   Compiling num-derive v0.4.2
   Compiling crate-git-revision v0.0.6
   Compiling stellar-strkey v0.0.13
   Compiling stellar-xdr v26.0.1
   Compiling hex v0.4.3
   Compiling soroban-env-common v26.1.3
   Compiling thiserror-impl v1.0.69
   Compiling prettyplease v0.2.37
   Compiling fnv v1.0.7
   Compiling darling_core v0.20.11
   Compiling serde_with v3.20.0
   Compiling wasmparser v0.116.1
   Compiling base64 v0.22.1
   Compiling byteorder v1.5.0
   Compiling heapless v0.8.0
   Compiling hash32 v0.3.1
   Compiling darling_macro v0.20.11
   Compiling stellar-strkey v0.0.16
   Compiling num-integer v0.1.46
   Compiling rustc_version v0.4.1
   Compiling stable_deref_trait v1.2.1
   Compiling static_assertions v1.1.0
   Compiling soroban-sdk v26.0.1
   Compiling num-bigint v0.4.6
   Compiling darling v0.20.11
   Compiling macro-string v0.1.4
   Compiling heck v0.5.0
   Compiling bytes-lit v0.0.5
   Compiling visibility v0.1.1
   Compiling soroban-spec v26.0.1
   Compiling soroban-spec-rust v26.0.1
   Compiling soroban-env-macros v26.1.3
   Compiling soroban-env-guest v26.1.3
   Compiling soroban-sdk-macros v26.0.1
   Compiling ultrahonk_soroban_verifier v0.1.0 (/home/wdecoded92/batchguard-zk-gate1/rs-soroban-ultrahonk/crates/ultrahonk-soroban-verifier)
   Compiling rs-soroban-ultrahonk v0.1.0 (/home/wdecoded92/batchguard-zk-gate1/rs-soroban-ultrahonk/contracts/rs-soroban-ultrahonk)
    Finished `release` profile [optimized] target(s) in 1m 22s
ℹ️  Build Summary:
    Wasm File: target/wasm32v1-none/release/rs_soroban_ultrahonk.wasm (19655 bytes optimized (original size was 24336 bytes))
    Wasm Hash: 9fee0ecfc7182be7254b5dd62831ad2bafbae5faeaf46d6342cb8be1feccd104
    Wasm Size: 19655 bytes optimized (original size was 24336 bytes)
    Exported Functions: 3 found
      • __constructor
      • verify_proof
      • vk_bytes
✅ Build Complete

ℹ️  CARGO_BUILD_RUSTFLAGS=--remap-path-prefix=/home/wdecoded92/.cargo/registry/src= SOROBAN_SDK_BUILD_SYSTEM_SUPPORTS_SPEC_SHAKING_V2=1 cargo rustc --manifest-path=contracts/tornado_classic/contracts/Cargo.toml --crate-type=cdylib --target=wasm32v1-none --release
   Compiling escape-bytes v0.1.1
   Compiling byteorder v1.5.0
   Compiling num-traits v0.2.19
   Compiling stellar-xdr v26.0.1
   Compiling hash32 v0.3.1
   Compiling ethnum v1.5.3
   Compiling static_assertions v1.1.0
   Compiling stable_deref_trait v1.2.1
   Compiling heapless v0.8.0
   Compiling soroban-sdk v26.0.1
   Compiling data-encoding v2.11.0
   Compiling stellar-strkey v0.0.16
   Compiling soroban-env-common v26.1.3
   Compiling soroban-env-guest v26.1.3
   Compiling ultrahonk_soroban_verifier v0.1.0 (/home/wdecoded92/batchguard-zk-gate1/rs-soroban-ultrahonk/crates/ultrahonk-soroban-verifier)
   Compiling soroban-poseidon v26.0.0
   Compiling rs-soroban-ultrahonk v0.1.0 (/home/wdecoded92/batchguard-zk-gate1/rs-soroban-ultrahonk/contracts/rs-soroban-ultrahonk)
   Compiling tornado_classic_contracts v0.1.0 (/home/wdecoded92/batchguard-zk-gate1/rs-soroban-ultrahonk/contracts/tornado_classic/contracts)
    Finished `release` profile [optimized] target(s) in 17.35s
ℹ️  Build Summary:
    Wasm File: target/wasm32v1-none/release/tornado_classic_contracts.wasm (20680 bytes optimized (original size was 24676 bytes))
    Wasm Hash: 114e917a1a94cd81544b1dba033542168ad0bb74861f86abae587e9d251ed595
    Wasm Size: 20680 bytes optimized (original size was 24676 bytes)
    Exported Functions: 5 found
      • __constructor
      • deposit
      • get_root
      • is_nullifier_used
      • withdraw
✅ Build Complete

ℹ️  CARGO_BUILD_RUSTFLAGS=--remap-path-prefix=/home/wdecoded92/.cargo/registry/src= SOROBAN_SDK_BUILD_SYSTEM_SUPPORTS_SPEC_SHAKING_V2=1 cargo rustc --manifest-path=contracts/identity/Cargo.toml --crate-type=cdylib --target=wasm32v1-none --release
   Compiling identity v0.1.0 (/home/wdecoded92/batchguard-zk-gate1/rs-soroban-ultrahonk/contracts/identity)
    Finished `release` profile [optimized] target(s) in 0.82s
ℹ️  Build Summary:
    Wasm File: target/wasm32v1-none/release/identity.wasm (19445 bytes optimized (original size was 24126 bytes))
    Wasm Hash: eb04d6cf071250d00c099391dee6572b8071546046f83ac98bd23c9c2ddd09f8
    Wasm Size: 19445 bytes optimized (original size was 24126 bytes)
    Exported Functions: 3 found
      • __constructor
      • prove_identity
      • vk_bytes
✅ Build Complete

[0;34m4. Deploying the contract to local...[0m
Deployment attempt 1/24...
ℹ️  Uploading contract WASM…
ℹ️  Simulating transaction…
ℹ️  Signing transaction: aa7d784a930b2ee009d6d17df8a1c688c7f16032cb23ae2ff5f0ac6320679072
🌎 Sending transaction…
✅ Transaction submitted successfully!
ℹ️  Deploying contract using wasm hash 9fee0ecfc7182be7254b5dd62831ad2bafbae5faeaf46d6342cb8be1feccd104
ℹ️  Simulating transaction…
ℹ️  Signing transaction: f1a5ab3913e38877a0666cf159d0d5fa121f74c829c0daece1332ad95262f5eb
🌎 Sending transaction…
✅ Transaction submitted successfully!
✅ Deployed!

[0;32mContract deployed successfully! Contract ID:[0m
[0;34mCB2FHR3R3YAJQ66HYTEYMOTF6W4FF5ACD47HQLJQ7T6ECF4G6ZRC2FTS (saved to .contract_id)[0m
[0;34mAuto-loaded CONTRACT_ID: CB2FHR3R3YAJQ66HYTEYMOTF6W4FF5ACD47HQLJQ7T6ECF4G6ZRC2FTS[0m
[0;34m--- Artifact Summary ---[0m
Public Inputs : 32 bytes
Proof         : 14592 bytes
------------------------
[0;34mInvoking verify_proof on contract CB2FHR3R3YAJQ66HYTEYMOTF6W4FF5ACD47HQLJQ7T6ECF4G6ZRC2FTS...[0m
ℹ️  Simulating transaction…
ℹ️  Signing transaction: fbe672d0fccebc9f75aee70159c6dea6606103f7de22f73373594f0d389e380e
🌎 Sending transaction…
✅ Transaction submitted successfully!
null

[0;32mProof successfully verified on-chain![0m

[0;34mGenerating detailed performance report...[0m

> ultrahonk-measure@1.0.0 measure
> ts-node measure_ultrahonk_costs.ts --contract-id CB2FHR3R3YAJQ66HYTEYMOTF6W4FF5ACD47HQLJQ7T6ECF4G6ZRC2FTS --source-secret SAS4UIAOIXKUSN7R3S3LFOWIPCXQE6FQQ4D2ZOMGTTKYCG7F4D6SXRAY --dataset /home/wdecoded92/batchguard-zk-gate1/rs-soroban-ultrahonk/circuits/simple_circuit/target --rpc-url http://localhost:8000/soroban/rpc --network-passphrase Standalone Network ; February 2017

Dataset       : /home/wdecoded92/batchguard-zk-gate1/rs-soroban-ultrahonk/circuits/simple_circuit/target
Contract ID   : CB2FHR3R3YAJQ66HYTEYMOTF6W4FF5ACD47HQLJQ7T6ECF4G6ZRC2FTS
Method        : verify_proof
Source account: GDHTFLXBRI6XR7YCXX4NK6RV6QS5S53ULPNXSW2EGMZQ4RI5FZ2NLTSZ

[1m[36m=== Performance Report: verify_proof ===[0m
[1mCPU Instructions         [0m : 77,858,336 (77.86% of limit)
[1mLedger Read Bytes        [0m : 0
[1mLedger Write Bytes       [0m : 0
[1mMin Resource Fee         [0m : 878671 stroops (0.0878671 XLM)
[1mTx Envelope Size         [0m : 14,988 bytes
[1mProof Size               [0m : 14,592 bytes
[1mPublic Inputs Size       [0m : 32 bytes
[36m====================================================[0m


[0;32m=== E2E Pipeline Completed Successfully ===[0m
[0;34mPerforming E2E cleanup...[0m
